<?xml version="1.0" encoding="UTF-8"?>
<!-- Generated by org.testng.reporters.JUnitReportReporter -->
<testsuite hostname="DESKTOP-OK5VULA" failures="0" tests="1" name="com.nopcommerce.Register.Register" time="0.007" errors="0" timestamp="27 Apr 2024 11:26:48 GMT" skipped="0">
  <testcase classname="com.nopcommerce.Register.Register" name="f" time="0.007"/>
</testsuite> <!-- com.nopcommerce.Register.Register -->
